Using pre-set license
Built from '2022.2/staging' branch; Version is '2022.2.16f1 (d535843d11e1) revision 13972868'; Using compiler version '192829333'; Build Type 'Release'
OS: 'Windows 11  (10.0.22631) 64bit CoreSingleLanguage' Language: 'ru' Physical Memory: 15775 MB
BatchMode: 1, IsHumanControllingUs: 0, StartBugReporterOnCrash: 0, Is64bit: 1, IsPro: 1

COMMAND LINE ARGUMENTS:
C:\Program Files\2022.2.16f1\Editor\Unity.exe
-adb2
-batchMode
-noUpm
-name
AssetImportWorker0
-projectPath
C:/Users/38067/MyGame
-logFile
Logs/AssetImportWorker0.log
-srvPort
59188
Successfully changed project path to: C:/Users/38067/MyGame
C:/Users/38067/MyGame
[UnityMemory] Configuration Parameters - Can be set up in boot.config
    "memorysetup-bucket-allocator-granularity=16"
    "memorysetup-bucket-allocator-bucket-count=8"
    "memorysetup-bucket-allocator-block-size=33554432"
    "memorysetup-bucket-allocator-block-count=8"
    "memorysetup-main-allocator-block-size=16777216"
    "memorysetup-thread-allocator-block-size=16777216"
    "memorysetup-gfx-main-allocator-block-size=16777216"
    "memorysetup-gfx-thread-allocator-block-size=16777216"
    "memorysetup-cache-allocator-block-size=4194304"
    "memorysetup-typetree-allocator-block-size=2097152"
    "memorysetup-profiler-bucket-allocator-granularity=16"
    "memorysetup-profiler-bucket-allocator-bucket-count=8"
    "memorysetup-profiler-bucket-allocator-block-size=33554432"
    "memorysetup-profiler-bucket-allocator-block-count=8"
    "memorysetup-profiler-allocator-block-size=16777216"
    "memorysetup-profiler-editor-allocator-block-size=1048576"
    "memorysetup-temp-allocator-size-main=16777216"
    "memorysetup-job-temp-allocator-block-size=2097152"
    "memorysetup-job-temp-allocator-block-size-background=1048576"
    "memorysetup-job-temp-allocator-reduction-small-platforms=262144"
    "memorysetup-temp-allocator-size-background-worker=32768"
    "memorysetup-temp-allocator-size-job-worker=262144"
    "memorysetup-temp-allocator-size-preload-manager=33554432"
    "memorysetup-temp-allocator-size-nav-mesh-worker=65536"
    "memorysetup-temp-allocator-size-audio-worker=65536"
    "memorysetup-temp-allocator-size-cloud-worker=32768"
    "memorysetup-temp-allocator-size-gi-baking-worker=262144"
    "memorysetup-temp-allocator-size-gfx=262144"
Player connection [71404] Host "[IP] 192.168.1.246 [Port] 0 [Flags] 2 [Guid] 3147998069 [EditorId] 3147998069 [Version] 1048832 [Id] WindowsEditor(7,LAPTOP-DOP8TV5S) [Debug] 1 [PackageName] WindowsEditor [ProjectName] Editor" joined multi-casting on [225.0.0.222:54997]...

Player connection [71404] Host "[IP] 192.168.1.246 [Port] 0 [Flags] 2 [Guid] 3147998069 [EditorId] 3147998069 [Version] 1048832 [Id] WindowsEditor(7,LAPTOP-DOP8TV5S) [Debug] 1 [PackageName] WindowsEditor [ProjectName] Editor" joined alternative multi-casting on [225.0.0.222:34997]...

Refreshing native plugins compatible for Editor in 24.68 ms, found 3 plugins.
Preloading 0 native plugins for Editor in 0.00 ms.
Initialize engine version: 2022.2.16f1 (d535843d11e1)
[Subsystems] Discovering subsystems at path C:/Program Files/2022.2.16f1/Editor/Data/Resources/UnitySubsystems
[Subsystems] Discovering subsystems at path C:/Users/38067/MyGame/Assets
GfxDevice: creating device client; threaded=0; jobified=0
Direct3D:
    Version:  Direct3D 11.0 [level 11.1]
    Renderer: AMD Radeon(TM) Graphics (ID=0x1638)
    Vendor:   ATI
    VRAM:     7887 MB
    Driver:   31.0.12014.6
Initialize mono
Mono path[0] = 'C:/Program Files/2022.2.16f1/Editor/Data/Managed'
Mono path[1] = 'C:/Program Files/2022.2.16f1/Editor/Data/MonoBleedingEdge/lib/mono/unityjit-win32'
Mono config path = 'C:/Program Files/2022.2.16f1/Editor/Data/MonoBleedingEdge/etc'
Using monoOptions --debugger-agent=transport=dt_socket,embedding=1,server=y,suspend=n,address=127.0.0.1:56968
Begin MonoManager ReloadAssembly
Registering precompiled unity dll's ...
Register platform support module: C:/Program Files/2022.2.16f1/Editor/Data/PlaybackEngines/AndroidPlayer/UnityEditor.Android.Extensions.dll
Register platform support module: C:/Program Files/2022.2.16f1/Editor/Data/PlaybackEngines/iOSSupport/UnityEditor.iOS.Extensions.dll
Register platform support module: C:/Program Files/2022.2.16f1/Editor/Data/PlaybackEngines/WindowsStandaloneSupport/UnityEditor.WindowsStandalone.Extensions.dll
Registered in 0.029054 seconds.
- Loaded All Assemblies, in  1.043 seconds
Native extension for WindowsStandalone target not found
[usbmuxd] Start listen thread
[usbmuxd] Listen thread started
[usbmuxd] Send listen message
Native extension for iOS target not found
Native extension for Android target not found
Android Extension - Scanning For ADB Devices 807 ms
Mono: successfully reloaded assembly
- Finished resetting the current domain, in  1.623 seconds
Domain Reload Profiling:
	ReloadAssembly (611ms)
		BeginReloadAssembly (307ms)
			ExecutionOrderSort (0ms)
			DisableScriptedObjects (0ms)
			BackupInstance (0ms)
			ReleaseScriptingObjects (0ms)
			CreateAndSetChildDomain (2ms)
		LoadAllAssembliesAndSetupDomain (0ms)
			LoadAssemblies (297ms)
			RebuildTransferFunctionScriptingTraits (0ms)
			SetupTypeCache (394ms)
				TypeCache.Initialize (391ms)
					TypeCache.ScanAssembly (387ms)
				ResolveRequiredComponents (2ms)
		FinalizeReload (0ms)
			ReleaseScriptCaches (0ms)
			RebuildScriptCaches (0ms)
			SetupLoadedEditorAssemblies (1497ms)
				LogAssemblyErrors (0ms)
				InitializePlatformSupportModulesInManaged (1110ms)
				SetLoadedEditorAssemblies (8ms)
				RefreshPlugins (0ms)
				BeforeProcessingInitializeOnLoad (2ms)
				ProcessInitializeOnLoadAttributes (261ms)
				ProcessInitializeOnLoadMethodAttributes (115ms)
				AfterProcessingInitializeOnLoad (0ms)
				EditorAssembliesLoaded (0ms)
			ExecutionOrderSort2 (0ms)
			AwakeInstancesAfterBackupRestoration (0ms)
========================================================================
Worker process is ready to serve import requests
Begin MonoManager ReloadAssembly
Symbol file LoadedFromMemory doesn't match image C:\Users\38067\MyGame\Library\PackageCache\com.unity.visualscripting@1.8.0\Editor\VisualScripting.Core\Dependencies\YamlDotNet\Unity.VisualScripting.YamlDotNet.dll
Symbol file LoadedFromMemory doesn't match image C:\Users\38067\MyGame\Library\PackageCache\com.unity.visualscripting@1.8.0\Editor\VisualScripting.Core\Dependencies\DotNetZip\Unity.VisualScripting.IonicZip.dll
- Loaded All Assemblies, in  1.855 seconds
Refreshing native plugins compatible for Editor in 12.66 ms, found 3 plugins.
Native extension for WindowsStandalone target not found
Native extension for iOS target not found
Native extension for Android target not found
Mono: successfully reloaded assembly
- Finished resetting the current domain, in  1.279 seconds
Domain Reload Profiling:
	ReloadAssembly (581ms)
		BeginReloadAssembly (346ms)
			ExecutionOrderSort (0ms)
			DisableScriptedObjects (15ms)
			BackupInstance (0ms)
			ReleaseScriptingObjects (0ms)
			CreateAndSetChildDomain (49ms)
		LoadAllAssembliesAndSetupDomain (1258ms)
			LoadAssemblies (738ms)
			RebuildTransferFunctionScriptingTraits (0ms)
			SetupTypeCache (693ms)
				TypeCache.Initialize (650ms)
					TypeCache.ScanAssembly (640ms)
				ResolveRequiredComponents (10ms)
		FinalizeReload (0ms)
			ReleaseScriptCaches (0ms)
			RebuildScriptCaches (0ms)
			SetupLoadedEditorAssemblies (881ms)
				LogAssemblyErrors (0ms)
				InitializePlatformSupportModulesInManaged (85ms)
				SetLoadedEditorAssemblies (6ms)
				RefreshPlugins (0ms)
				BeforeProcessingInitializeOnLoad (148ms)
				ProcessInitializeOnLoadAttributes (566ms)
				ProcessInitializeOnLoadMethodAttributes (49ms)
				AfterProcessingInitializeOnLoad (27ms)
				EditorAssembliesLoaded (0ms)
			ExecutionOrderSort2 (0ms)
			AwakeInstancesAfterBackupRestoration (13ms)
Launched and connected shader compiler UnityShaderCompiler.exe after 0.20 seconds
Refreshing native plugins compatible for Editor in 16.61 ms, found 3 plugins.
Preloading 0 native plugins for Editor in 0.00 ms.
Unloading 3114 Unused Serialized files (Serialized files now loaded: 0)
Unloading 31 unused Assets / (67.0 KB). Loaded Objects now: 3582.
Memory consumption went from 112.5 MB to 112.4 MB.
Total: 6.756500 ms (FindLiveObjects: 0.614400 ms CreateObjectMapping: 0.232500 ms MarkObjects: 5.702700 ms  DeleteObjects: 0.204700 ms)

AssetImportParameters requested are different than current active one (requested -> active):
  custom:container-demuxer-ogg: 62fdf1f143b41e24485cea50d1cbac27 -> 
  custom:video-codec-MediaFoundation-h265: 746d11721c4dcdbdad8f713fa42b33f4 -> 
  custom:video-decoder-ogg-theora: a1e56fd34408186e4bbccfd4996cb3dc -> 
  custom:framework-win-MediaFoundation: 216162199b28c13a410421893ffa2e32 -> 
  custom:container-demuxer-webm: 4f35f7cbe854078d1ac9338744f61a02 -> 
  custom:container-muxer-webm: aa71ff27fc2769a1b78a27578f13a17b -> 
  custom:video-decoder-webm-vp8: 9c59270c3fd7afecdb556c50c9e8de78 -> 
  custom:AudioImporter_EditorPlatform: d09bf68614088b80899f8185d706f6e7 -> 
  custom:video-encoder-webm-vp8: eb34c28f22e8b96e1ab97ce403110664 -> 
  custom:audio-decoder-ogg-vorbis: bf7c407c2cedff20999df2af8eb42d56 -> 
  custom:audio-encoder-webm-vorbis: bf7c407c2cedff20999df2af8eb42d56 -> 
========================================================================
Received Import Request.
  Time since last request: 269041.443021 seconds.
  path: Assets/Scripts/MenuManager.cs
  artifactKey: Guid(5316d025503675d4e826fdda127aaeeb) Importer(815301076,1909f56bfc062723c751e8b465ee728b)
Start importing Assets/Scripts/MenuManager.cs using Guid(5316d025503675d4e826fdda127aaeeb) Importer(815301076,1909f56bfc062723c751e8b465ee728b)  -> (artifact id: '9a6363ced71e9673bedfb45bdba4e516') in 0.004988 seconds
Number of updated asset objects reloaded before import = 0
Number of asset objects unloaded after import = 0
========================================================================
Received Prepare
Begin MonoManager ReloadAssembly
Symbol file LoadedFromMemory doesn't match image C:\Users\38067\MyGame\Library\PackageCache\com.unity.visualscripting@1.8.0\Editor\VisualScripting.Core\Dependencies\YamlDotNet\Unity.VisualScripting.YamlDotNet.dll
Symbol file LoadedFromMemory doesn't match image C:\Users\38067\MyGame\Library\PackageCache\com.unity.visualscripting@1.8.0\Editor\VisualScripting.Core\Dependencies\DotNetZip\Unity.VisualScripting.IonicZip.dll
- Loaded All Assemblies, in  2.131 seconds
Refreshing native plugins compatible for Editor in 11.36 ms, found 3 plugins.
Native extension for WindowsStandalone target not found
Native extension for iOS target not found
Native extension for Android target not found
Mono: successfully reloaded assembly
- Finished resetting the current domain, in  2.860 seconds
Domain Reload Profiling:
	ReloadAssembly (597ms)
		BeginReloadAssembly (369ms)
			ExecutionOrderSort (0ms)
			DisableScriptedObjects (12ms)
			BackupInstance (0ms)
			ReleaseScriptingObjects (0ms)
			CreateAndSetChildDomain (74ms)
		LoadAllAssembliesAndSetupDomain (1514ms)
			LoadAssemblies (842ms)
			RebuildTransferFunctionScriptingTraits (0ms)
			SetupTypeCache (854ms)
				TypeCache.Initialize (839ms)
					TypeCache.ScanAssembly (826ms)
				ResolveRequiredComponents (9ms)
		FinalizeReload (0ms)
			ReleaseScriptCaches (0ms)
			RebuildScriptCaches (0ms)
			SetupLoadedEditorAssemblies (1021ms)
				LogAssemblyErrors (0ms)
				InitializePlatformSupportModulesInManaged (116ms)
				SetLoadedEditorAssemblies (10ms)
				RefreshPlugins (0ms)
				BeforeProcessingInitializeOnLoad (218ms)
				ProcessInitializeOnLoadAttributes (604ms)
				ProcessInitializeOnLoadMethodAttributes (46ms)
				AfterProcessingInitializeOnLoad (27ms)
				EditorAssembliesLoaded (0ms)
			ExecutionOrderSort2 (0ms)
			AwakeInstancesAfterBackupRestoration (13ms)
Refreshing native plugins compatible for Editor in 14.82 ms, found 3 plugins.
Preloading 0 native plugins for Editor in 0.00 ms.
Unloading 3103 Unused Serialized files (Serialized files now loaded: 0)
Unloading 22 unused Assets / (30.5 KB). Loaded Objects now: 3585.
Memory consumption went from 110.6 MB to 110.6 MB.
Total: 6.033300 ms (FindLiveObjects: 0.358400 ms CreateObjectMapping: 0.308300 ms MarkObjects: 5.236400 ms  DeleteObjects: 0.128200 ms)

Prepare: number of updated asset objects reloaded= 0
AssetImportParameters requested are different than current active one (requested -> active):
  custom:container-demuxer-ogg: 62fdf1f143b41e24485cea50d1cbac27 -> 
  custom:video-codec-MediaFoundation-h265: 746d11721c4dcdbdad8f713fa42b33f4 -> 
  custom:video-decoder-ogg-theora: a1e56fd34408186e4bbccfd4996cb3dc -> 
  custom:framework-win-MediaFoundation: 216162199b28c13a410421893ffa2e32 -> 
  custom:container-demuxer-webm: 4f35f7cbe854078d1ac9338744f61a02 -> 
  custom:container-muxer-webm: aa71ff27fc2769a1b78a27578f13a17b -> 
  custom:video-decoder-webm-vp8: 9c59270c3fd7afecdb556c50c9e8de78 -> 
  custom:AudioImporter_EditorPlatform: d09bf68614088b80899f8185d706f6e7 -> 
  custom:video-encoder-webm-vp8: eb34c28f22e8b96e1ab97ce403110664 -> 
  custom:audio-decoder-ogg-vorbis: bf7c407c2cedff20999df2af8eb42d56 -> 
  custom:audio-encoder-webm-vorbis: bf7c407c2cedff20999df2af8eb42d56 -> 
========================================================================
Received Prepare
Begin MonoManager ReloadAssembly
Symbol file LoadedFromMemory doesn't match image C:\Users\38067\MyGame\Library\PackageCache\com.unity.visualscripting@1.8.0\Editor\VisualScripting.Core\Dependencies\YamlDotNet\Unity.VisualScripting.YamlDotNet.dll
Symbol file LoadedFromMemory doesn't match image C:\Users\38067\MyGame\Library\PackageCache\com.unity.visualscripting@1.8.0\Editor\VisualScripting.Core\Dependencies\DotNetZip\Unity.VisualScripting.IonicZip.dll
- Loaded All Assemblies, in  1.653 seconds
Refreshing native plugins compatible for Editor in 10.21 ms, found 3 plugins.
Native extension for WindowsStandalone target not found
Native extension for iOS target not found
Native extension for Android target not found
Mono: successfully reloaded assembly
- Finished resetting the current domain, in  2.343 seconds
Domain Reload Profiling:
	ReloadAssembly (501ms)
		BeginReloadAssembly (326ms)
			ExecutionOrderSort (0ms)
			DisableScriptedObjects (13ms)
			BackupInstance (0ms)
			ReleaseScriptingObjects (0ms)
			CreateAndSetChildDomain (68ms)
		LoadAllAssembliesAndSetupDomain (1139ms)
			LoadAssemblies (675ms)
			RebuildTransferFunctionScriptingTraits (0ms)
			SetupTypeCache (623ms)
				TypeCache.Initialize (612ms)
					TypeCache.ScanAssembly (602ms)
				ResolveRequiredComponents (7ms)
		FinalizeReload (0ms)
			ReleaseScriptCaches (0ms)
			RebuildScriptCaches (0ms)
			SetupLoadedEditorAssemblies (794ms)
				LogAssemblyErrors (0ms)
				InitializePlatformSupportModulesInManaged (74ms)
				SetLoadedEditorAssemblies (8ms)
				RefreshPlugins (0ms)
				BeforeProcessingInitializeOnLoad (170ms)
				ProcessInitializeOnLoadAttributes (478ms)
				ProcessInitializeOnLoadMethodAttributes (40ms)
				AfterProcessingInitializeOnLoad (24ms)
				EditorAssembliesLoaded (0ms)
			ExecutionOrderSort2 (0ms)
			AwakeInstancesAfterBackupRestoration (13ms)
Refreshing native plugins compatible for Editor in 11.11 ms, found 3 plugins.
Preloading 0 native plugins for Editor in 0.00 ms.
Unloading 3104 Unused Serialized files (Serialized files now loaded: 0)
Unloading 22 unused Assets / (37.8 KB). Loaded Objects now: 3588.
Memory consumption went from 110.9 MB to 110.9 MB.
Total: 5.497200 ms (FindLiveObjects: 0.350700 ms CreateObjectMapping: 0.203400 ms MarkObjects: 4.827700 ms  DeleteObjects: 0.112400 ms)

Prepare: number of updated asset objects reloaded= 0
AssetImportParameters requested are different than current active one (requested -> active):
  custom:container-demuxer-ogg: 62fdf1f143b41e24485cea50d1cbac27 -> 
  custom:video-codec-MediaFoundation-h265: 746d11721c4dcdbdad8f713fa42b33f4 -> 
  custom:video-decoder-ogg-theora: a1e56fd34408186e4bbccfd4996cb3dc -> 
  custom:framework-win-MediaFoundation: 216162199b28c13a410421893ffa2e32 -> 
  custom:container-demuxer-webm: 4f35f7cbe854078d1ac9338744f61a02 -> 
  custom:container-muxer-webm: aa71ff27fc2769a1b78a27578f13a17b -> 
  custom:video-decoder-webm-vp8: 9c59270c3fd7afecdb556c50c9e8de78 -> 
  custom:AudioImporter_EditorPlatform: d09bf68614088b80899f8185d706f6e7 -> 
  custom:video-encoder-webm-vp8: eb34c28f22e8b96e1ab97ce403110664 -> 
  custom:audio-decoder-ogg-vorbis: bf7c407c2cedff20999df2af8eb42d56 -> 
  custom:audio-encoder-webm-vorbis: bf7c407c2cedff20999df2af8eb42d56 -> 
========================================================================
Received Prepare
Begin MonoManager ReloadAssembly
Symbol file LoadedFromMemory doesn't match image C:\Users\38067\MyGame\Library\PackageCache\com.unity.visualscripting@1.8.0\Editor\VisualScripting.Core\Dependencies\YamlDotNet\Unity.VisualScripting.YamlDotNet.dll
Symbol file LoadedFromMemory doesn't match image C:\Users\38067\MyGame\Library\PackageCache\com.unity.visualscripting@1.8.0\Editor\VisualScripting.Core\Dependencies\DotNetZip\Unity.VisualScripting.IonicZip.dll
- Loaded All Assemblies, in  1.794 seconds
Refreshing native plugins compatible for Editor in 20.73 ms, found 3 plugins.
Native extension for WindowsStandalone target not found
Native extension for iOS target not found
Native extension for Android target not found
Mono: successfully reloaded assembly
- Finished resetting the current domain, in  2.342 seconds
Domain Reload Profiling:
	ReloadAssembly (652ms)
		BeginReloadAssembly (445ms)
			ExecutionOrderSort (0ms)
			DisableScriptedObjects (10ms)
			BackupInstance (0ms)
			ReleaseScriptingObjects (0ms)
			CreateAndSetChildDomain (98ms)
		LoadAllAssembliesAndSetupDomain (1125ms)
			LoadAssemblies (728ms)
			RebuildTransferFunctionScriptingTraits (0ms)
			SetupTypeCache (622ms)
				TypeCache.Initialize (606ms)
					TypeCache.ScanAssembly (596ms)
				ResolveRequiredComponents (11ms)
		FinalizeReload (0ms)
			ReleaseScriptCaches (0ms)
			RebuildScriptCaches (0ms)
			SetupLoadedEditorAssemblies (783ms)
				LogAssemblyErrors (0ms)
				InitializePlatformSupportModulesInManaged (88ms)
				SetLoadedEditorAssemblies (7ms)
				RefreshPlugins (0ms)
				BeforeProcessingInitializeOnLoad (159ms)
				ProcessInitializeOnLoadAttributes (453ms)
				ProcessInitializeOnLoadMethodAttributes (47ms)
				AfterProcessingInitializeOnLoad (29ms)
				EditorAssembliesLoaded (0ms)
			ExecutionOrderSort2 (0ms)
			AwakeInstancesAfterBackupRestoration (17ms)
Refreshing native plugins compatible for Editor in 11.55 ms, found 3 plugins.
Preloading 0 native plugins for Editor in 0.00 ms.
Unloading 3104 Unused Serialized files (Serialized files now loaded: 0)
Unloading 22 unused Assets / (37.9 KB). Loaded Objects now: 3591.
Memory consumption went from 110.9 MB to 110.9 MB.
Total: 5.388900 ms (FindLiveObjects: 0.438800 ms CreateObjectMapping: 0.203200 ms MarkObjects: 4.651000 ms  DeleteObjects: 0.091400 ms)

Prepare: number of updated asset objects reloaded= 0
AssetImportParameters requested are different than current active one (requested -> active):
  custom:container-demuxer-ogg: 62fdf1f143b41e24485cea50d1cbac27 -> 
  custom:video-codec-MediaFoundation-h265: 746d11721c4dcdbdad8f713fa42b33f4 -> 
  custom:video-decoder-ogg-theora: a1e56fd34408186e4bbccfd4996cb3dc -> 
  custom:framework-win-MediaFoundation: 216162199b28c13a410421893ffa2e32 -> 
  custom:container-demuxer-webm: 4f35f7cbe854078d1ac9338744f61a02 -> 
  custom:container-muxer-webm: aa71ff27fc2769a1b78a27578f13a17b -> 
  custom:video-decoder-webm-vp8: 9c59270c3fd7afecdb556c50c9e8de78 -> 
  custom:AudioImporter_EditorPlatform: d09bf68614088b80899f8185d706f6e7 -> 
  custom:video-encoder-webm-vp8: eb34c28f22e8b96e1ab97ce403110664 -> 
  custom:audio-decoder-ogg-vorbis: bf7c407c2cedff20999df2af8eb42d56 -> 
  custom:audio-encoder-webm-vorbis: bf7c407c2cedff20999df2af8eb42d56 -> 
========================================================================
Received Import Request.
  Time since last request: 88.268213 seconds.
  path: Assets/Scripts/Spawner.cs
  artifactKey: Guid(1bc5aca921e175246b3601245afff4c1) Importer(815301076,1909f56bfc062723c751e8b465ee728b)
Start importing Assets/Scripts/Spawner.cs using Guid(1bc5aca921e175246b3601245afff4c1) Importer(815301076,1909f56bfc062723c751e8b465ee728b)  -> (artifact id: 'fa71e549c33b4b8da7ebbfa45d950312') in 0.003352 seconds
Number of updated asset objects reloaded before import = 0
Number of asset objects unloaded after import = 0
========================================================================
Received Prepare
Begin MonoManager ReloadAssembly
Symbol file LoadedFromMemory doesn't match image C:\Users\38067\MyGame\Library\PackageCache\com.unity.visualscripting@1.8.0\Editor\VisualScripting.Core\Dependencies\YamlDotNet\Unity.VisualScripting.YamlDotNet.dll
Symbol file LoadedFromMemory doesn't match image C:\Users\38067\MyGame\Library\PackageCache\com.unity.visualscripting@1.8.0\Editor\VisualScripting.Core\Dependencies\DotNetZip\Unity.VisualScripting.IonicZip.dll
- Loaded All Assemblies, in  1.625 seconds
Refreshing native plugins compatible for Editor in 13.44 ms, found 3 plugins.
Native extension for WindowsStandalone target not found
Native extension for iOS target not found
Native extension for Android target not found
Mono: successfully reloaded assembly
- Finished resetting the current domain, in  2.168 seconds
Domain Reload Profiling:
	ReloadAssembly (516ms)
		BeginReloadAssembly (325ms)
			ExecutionOrderSort (0ms)
			DisableScriptedObjects (16ms)
			BackupInstance (0ms)
			ReleaseScriptingObjects (0ms)
			CreateAndSetChildDomain (68ms)
		LoadAllAssembliesAndSetupDomain (1096ms)
			LoadAssemblies (667ms)
			RebuildTransferFunctionScriptingTraits (0ms)
			SetupTypeCache (578ms)
				TypeCache.Initialize (571ms)
					TypeCache.ScanAssembly (560ms)
				ResolveRequiredComponents (7ms)
		FinalizeReload (0ms)
			ReleaseScriptCaches (0ms)
			RebuildScriptCaches (0ms)
			SetupLoadedEditorAssemblies (793ms)
				LogAssemblyErrors (0ms)
				InitializePlatformSupportModulesInManaged (89ms)
				SetLoadedEditorAssemblies (9ms)
				RefreshPlugins (0ms)
				BeforeProcessingInitializeOnLoad (160ms)
				ProcessInitializeOnLoadAttributes (454ms)
				ProcessInitializeOnLoadMethodAttributes (51ms)
				AfterProcessingInitializeOnLoad (29ms)
				EditorAssembliesLoaded (0ms)
			ExecutionOrderSort2 (0ms)
			AwakeInstancesAfterBackupRestoration (14ms)
Refreshing native plugins compatible for Editor in 12.24 ms, found 3 plugins.
Preloading 0 native plugins for Editor in 0.00 ms.
Unloading 3103 Unused Serialized files (Serialized files now loaded: 0)
Unloading 22 unused Assets / (30.5 KB). Loaded Objects now: 3594.
Memory consumption went from 110.7 MB to 110.6 MB.
Total: 6.250300 ms (FindLiveObjects: 0.612500 ms CreateObjectMapping: 0.258300 ms MarkObjects: 5.272000 ms  DeleteObjects: 0.105500 ms)

Prepare: number of updated asset objects reloaded= 0
AssetImportParameters requested are different than current active one (requested -> active):
  custom:container-demuxer-ogg: 62fdf1f143b41e24485cea50d1cbac27 -> 
  custom:video-codec-MediaFoundation-h265: 746d11721c4dcdbdad8f713fa42b33f4 -> 
  custom:video-decoder-ogg-theora: a1e56fd34408186e4bbccfd4996cb3dc -> 
  custom:framework-win-MediaFoundation: 216162199b28c13a410421893ffa2e32 -> 
  custom:container-demuxer-webm: 4f35f7cbe854078d1ac9338744f61a02 -> 
  custom:container-muxer-webm: aa71ff27fc2769a1b78a27578f13a17b -> 
  custom:video-decoder-webm-vp8: 9c59270c3fd7afecdb556c50c9e8de78 -> 
  custom:AudioImporter_EditorPlatform: d09bf68614088b80899f8185d706f6e7 -> 
  custom:video-encoder-webm-vp8: eb34c28f22e8b96e1ab97ce403110664 -> 
  custom:audio-decoder-ogg-vorbis: bf7c407c2cedff20999df2af8eb42d56 -> 
  custom:audio-encoder-webm-vorbis: bf7c407c2cedff20999df2af8eb42d56 -> 
========================================================================
Received Import Request.
  Time since last request: 481.040982 seconds.
  path: Assets/Quirky Series Ultimate/FREE/Animations/Herring_Animations (10) 1.controller
  artifactKey: Guid(9fce19553887fc5488b5bcf8a3e41bef) Importer(815301076,1909f56bfc062723c751e8b465ee728b)
Start importing Assets/Quirky Series Ultimate/FREE/Animations/Herring_Animations (10) 1.controller using Guid(9fce19553887fc5488b5bcf8a3e41bef) Importer(815301076,1909f56bfc062723c751e8b465ee728b)  -> (artifact id: '91db3d606f6c01dbbd86e143560a2f72') in 0.026347 seconds
Number of updated asset objects reloaded before import = 0
Number of asset objects unloaded after import = 4
========================================================================
Received Import Request.
  Time since last request: 0.030547 seconds.
  path: Assets/Materials/00037-787499520.mat
  artifactKey: Guid(aa5d45a43f9bcb340ba36744fe8c745c) Importer(815301076,1909f56bfc062723c751e8b465ee728b)
Start importing Assets/Materials/00037-787499520.mat using Guid(aa5d45a43f9bcb340ba36744fe8c745c) Importer(815301076,1909f56bfc062723c751e8b465ee728b)  -> (artifact id: '2b987b15ca07805675562a8299739d09') in 0.264307 seconds
Number of updated asset objects reloaded before import = 0
Number of asset objects unloaded after import = 2
========================================================================
Received Import Request.
  Time since last request: 0.233106 seconds.
  path: Assets/UnderwaterFantasy/underwater-artwork/Materials/Materials/00020-2716829024.mat
  artifactKey: Guid(797751a5338f29240b85c1e9dd4cbd30) Importer(815301076,1909f56bfc062723c751e8b465ee728b)
Start importing Assets/UnderwaterFantasy/underwater-artwork/Materials/Materials/00020-2716829024.mat using Guid(797751a5338f29240b85c1e9dd4cbd30) Importer(815301076,1909f56bfc062723c751e8b465ee728b)  -> (artifact id: 'c235b932a87eb3baa5690f83f34bbd6d') in 0.036309 seconds
Number of updated asset objects reloaded before import = 0
Number of asset objects unloaded after import = 2
========================================================================
Received Import Request.
  Time since last request: 0.031780 seconds.
  path: Assets/Quirky Series Ultimate/FREE/Animations/Herring_Animations (10).controller
  artifactKey: Guid(7a73e75975c00d84581cbc4fec6e3be7) Importer(815301076,1909f56bfc062723c751e8b465ee728b)
Start importing Assets/Quirky Series Ultimate/FREE/Animations/Herring_Animations (10).controller using Guid(7a73e75975c00d84581cbc4fec6e3be7) Importer(815301076,1909f56bfc062723c751e8b465ee728b)  -> (artifact id: '69bda573c11bf222611740d4934bd23e') in 0.002970 seconds
Number of updated asset objects reloaded before import = 0
Number of asset objects unloaded after import = 2
========================================================================
Received Import Request.
  Time since last request: 0.016375 seconds.
  path: Assets/UnderwaterFantasy/underwater-artwork/Materials/Materials/00011-1881862312.mat
  artifactKey: Guid(99b45d024b047f24e98f12fe1add7df6) Importer(815301076,1909f56bfc062723c751e8b465ee728b)
Start importing Assets/UnderwaterFantasy/underwater-artwork/Materials/Materials/00011-1881862312.mat using Guid(99b45d024b047f24e98f12fe1add7df6) Importer(815301076,1909f56bfc062723c751e8b465ee728b)  -> (artifact id: 'b5e9a382a686fca994ad9b275da82c6f') in 0.033111 seconds
Number of updated asset objects reloaded before import = 0
Number of asset objects unloaded after import = 2
========================================================================
Received Import Request.
  Time since last request: 0.010498 seconds.
  path: Assets/Quirky Series Ultimate/FREE/Models
  artifactKey: Guid(24cc04e361bb9f04a9ea8a88b27dc703) Importer(815301076,1909f56bfc062723c751e8b465ee728b)
Start importing Assets/Quirky Series Ultimate/FREE/Models using Guid(24cc04e361bb9f04a9ea8a88b27dc703) Importer(815301076,1909f56bfc062723c751e8b465ee728b)  -> (artifact id: '4e1bc517fede2171a5c615b94b4db99a') in 0.001093 seconds
Number of updated asset objects reloaded before import = 0
Number of asset objects unloaded after import = 0
========================================================================
Received Import Request.
  Time since last request: 0.067823 seconds.
  path: Assets/Quirky Series Ultimate/FREE/Prefabs/Squid.prefab
  artifactKey: Guid(818c5a1ba0d9810439f11299463f2294) Importer(815301076,1909f56bfc062723c751e8b465ee728b)
Start importing Assets/Quirky Series Ultimate/FREE/Prefabs/Squid.prefab using Guid(818c5a1ba0d9810439f11299463f2294) Importer(815301076,1909f56bfc062723c751e8b465ee728b)  -> (artifact id: 'aa5fc35839871f7f7e55f722005f3967') in 0.239935 seconds
Internal: There are remaining Allocations on the JobTempAlloc. This is a leak, and will impact performance
To Debug, run app with -diag-job-temp-memory-leak-validation cmd line argument. This will output the callstacks of the leaked allocations.
Number of updated asset objects reloaded before import = 0
Number of asset objects unloaded after import = 146
========================================================================
Received Import Request.
  Time since last request: 0.093915 seconds.
  path: Assets/Quirky Series Ultimate/FREE/Animations/Herring_Animations (1).controller
  artifactKey: Guid(0e3157f4e1f845a41ad03407a909624d) Importer(815301076,1909f56bfc062723c751e8b465ee728b)
Start importing Assets/Quirky Series Ultimate/FREE/Animations/Herring_Animations (1).controller using Guid(0e3157f4e1f845a41ad03407a909624d) Importer(815301076,1909f56bfc062723c751e8b465ee728b)  -> (artifact id: '9d25525a9a527e343bb73efa116c82bc') in 0.002688 seconds
Internal: There are remaining Allocations on the JobTempAlloc. This is a leak, and will impact performance
To Debug, run app with -diag-job-temp-memory-leak-validation cmd line argument. This will output the callstacks of the leaked allocations.
Number of updated asset objects reloaded before import = 0
Number of asset objects unloaded after import = 2
========================================================================
Received Import Request.
  Time since last request: 0.074209 seconds.
  path: Assets/Quirky Series Ultimate/FREE/Animations/Herring_Animations (7).controller
  artifactKey: Guid(905fb00731e0ea549bc953c9fd327f77) Importer(815301076,1909f56bfc062723c751e8b465ee728b)
Start importing Assets/Quirky Series Ultimate/FREE/Animations/Herring_Animations (7).controller using Guid(905fb00731e0ea549bc953c9fd327f77) Importer(815301076,1909f56bfc062723c751e8b465ee728b)  -> (artifact id: 'ab39322a8a9c38a0aee6dca079d7f8e7') in 0.002692 seconds
Internal: There are remaining Allocations on the JobTempAlloc. This is a leak, and will impact performance
To Debug, run app with -diag-job-temp-memory-leak-validation cmd line argument. This will output the callstacks of the leaked allocations.
Number of updated asset objects reloaded before import = 0
Number of asset objects unloaded after import = 2
========================================================================
Received Import Request.
  Time since last request: 0.031657 seconds.
  path: Assets/Quirky Series Ultimate/_Scripts
  artifactKey: Guid(4487817149df9c44b8eee3eba11ed1c0) Importer(815301076,1909f56bfc062723c751e8b465ee728b)
Start importing Assets/Quirky Series Ultimate/_Scripts using Guid(4487817149df9c44b8eee3eba11ed1c0) Importer(815301076,1909f56bfc062723c751e8b465ee728b)  -> (artifact id: '3818acf7e3947fa32fb16c8eb3b06972') in 0.001149 seconds
Internal: There are remaining Allocations on the JobTempAlloc. This is a leak, and will impact performance
To Debug, run app with -diag-job-temp-memory-leak-validation cmd line argument. This will output the callstacks of the leaked allocations.
Number of updated asset objects reloaded before import = 0
Number of asset objects unloaded after import = 0
========================================================================
Received Import Request.
  Time since last request: 0.083062 seconds.
  path: Assets/Quirky Series Ultimate/_Shader/URP (Unity 2019.3.0f3 and above)/SoftSurfaceGraph.shadergraph
  artifactKey: Guid(a44401f8b3d263c4e9c2ed62b3f5adff) Importer(815301076,1909f56bfc062723c751e8b465ee728b)
Start importing Assets/Quirky Series Ultimate/_Shader/URP (Unity 2019.3.0f3 and above)/SoftSurfaceGraph.shadergraph using Guid(a44401f8b3d263c4e9c2ed62b3f5adff) Importer(815301076,1909f56bfc062723c751e8b465ee728b)  -> (artifact id: '8124a33d784cc5c8528e05a2aea5da8c') in 0.001750 seconds
Internal: There are remaining Allocations on the JobTempAlloc. This is a leak, and will impact performance
To Debug, run app with -diag-job-temp-memory-leak-validation cmd line argument. This will output the callstacks of the leaked allocations.
Number of updated asset objects reloaded before import = 0
Number of asset objects unloaded after import = 1
========================================================================
Received Import Request.
  Time since last request: 0.339058 seconds.
  path: Assets/Quirky Series Ultimate/FREE/Animations/AC_Sparrow.controller
  artifactKey: Guid(408343f175b22af4499811678add149f) Importer(815301076,1909f56bfc062723c751e8b465ee728b)
Start importing Assets/Quirky Series Ultimate/FREE/Animations/AC_Sparrow.controller using Guid(408343f175b22af4499811678add149f) Importer(815301076,1909f56bfc062723c751e8b465ee728b)  -> (artifact id: 'b718e9fb3505d11f42e3007dc273cb49') in 0.106687 seconds
Internal: There are remaining Allocations on the JobTempAlloc. This is a leak, and will impact performance
To Debug, run app with -diag-job-temp-memory-leak-validation cmd line argument. This will output the callstacks of the leaked allocations.
Number of updated asset objects reloaded before import = 0
Number of asset objects unloaded after import = 81
========================================================================
Received Import Request.
  Time since last request: 0.060191 seconds.
  path: Assets/Quirky Series Ultimate/FREE/Animations/Herring_Animations (9).controller
  artifactKey: Guid(e80e511e385a277459ecb1a04426fc12) Importer(815301076,1909f56bfc062723c751e8b465ee728b)
Start importing Assets/Quirky Series Ultimate/FREE/Animations/Herring_Animations (9).controller using Guid(e80e511e385a277459ecb1a04426fc12) Importer(815301076,1909f56bfc062723c751e8b465ee728b)  -> (artifact id: 'cb8b92cac49c3025d6d271ad04201d4e') in 0.002508 seconds
Internal: There are remaining Allocations on the JobTempAlloc. This is a leak, and will impact performance
To Debug, run app with -diag-job-temp-memory-leak-validation cmd line argument. This will output the callstacks of the leaked allocations.
Number of updated asset objects reloaded before import = 0
Number of asset objects unloaded after import = 2
========================================================================
Received Import Request.
  Time since last request: 0.052659 seconds.
  path: Assets/Prefabs/Holder3.prefab
  artifactKey: Guid(52164fd338bfadc48a9a5d67f796f813) Importer(815301076,1909f56bfc062723c751e8b465ee728b)
Start importing Assets/Prefabs/Holder3.prefab using Guid(52164fd338bfadc48a9a5d67f796f813) Importer(815301076,1909f56bfc062723c751e8b465ee728b)  -> (artifact id: '0d8add9a69f861c0d88ba028b895e96c') in 0.182896 seconds
Internal: There are remaining Allocations on the JobTempAlloc. This is a leak, and will impact performance
To Debug, run app with -diag-job-temp-memory-leak-validation cmd line argument. This will output the callstacks of the leaked allocations.
Number of updated asset objects reloaded before import = 0
Number of asset objects unloaded after import = 836
========================================================================
Received Import Request.
  Time since last request: 0.154836 seconds.
  path: Assets/UnderwaterFantasy/underwater-artwork/Materials/Materials/00006-2997183643.mat
  artifactKey: Guid(f48af592ea51bd4429d5894e8395f127) Importer(815301076,1909f56bfc062723c751e8b465ee728b)
Start importing Assets/UnderwaterFantasy/underwater-artwork/Materials/Materials/00006-2997183643.mat using Guid(f48af592ea51bd4429d5894e8395f127) Importer(815301076,1909f56bfc062723c751e8b465ee728b)  -> (artifact id: 'ab4fd1f23a897a9c1e97bcd879591351') in 0.030723 seconds
Internal: There are remaining Allocations on the JobTempAlloc. This is a leak, and will impact performance
To Debug, run app with -diag-job-temp-memory-leak-validation cmd line argument. This will output the callstacks of the leaked allocations.
Number of updated asset objects reloaded before import = 0
Number of asset objects unloaded after import = 2
========================================================================
Received Import Request.
  Time since last request: 0.042391 seconds.
  path: Assets/Quirky Series Ultimate/FREE/Materials
  artifactKey: Guid(e3cde5d862c04bf4e812284a0835efc0) Importer(815301076,1909f56bfc062723c751e8b465ee728b)
Start importing Assets/Quirky Series Ultimate/FREE/Materials using Guid(e3cde5d862c04bf4e812284a0835efc0) Importer(815301076,1909f56bfc062723c751e8b465ee728b)  -> (artifact id: 'a2407c1a41a383f6f913be19ede5da97') in 0.001295 seconds
Internal: There are remaining Allocations on the JobTempAlloc. This is a leak, and will impact performance
To Debug, run app with -diag-job-temp-memory-leak-validation cmd line argument. This will output the callstacks of the leaked allocations.
Number of updated asset objects reloaded before import = 0
Number of asset objects unloaded after import = 0
========================================================================
Received Import Request.
  Time since last request: 0.036063 seconds.
  path: Assets/Quirky Series Ultimate/FREE/Animations/Herring_Animations (5).controller
  artifactKey: Guid(39a36bbc981a70647ab622de178b5b9b) Importer(815301076,1909f56bfc062723c751e8b465ee728b)
Start importing Assets/Quirky Series Ultimate/FREE/Animations/Herring_Animations (5).controller using Guid(39a36bbc981a70647ab622de178b5b9b) Importer(815301076,1909f56bfc062723c751e8b465ee728b)  -> (artifact id: 'b19a88b766801ee227b04bd9d5e798f0') in 0.002392 seconds
Internal: There are remaining Allocations on the JobTempAlloc. This is a leak, and will impact performance
To Debug, run app with -diag-job-temp-memory-leak-validation cmd line argument. This will output the callstacks of the leaked allocations.
Number of updated asset objects reloaded before import = 0
Number of asset objects unloaded after import = 2
========================================================================
Received Import Request.
  Time since last request: 0.122421 seconds.
  path: Assets/Quirky Series Ultimate/_Shader/ToonRamp.shader
  artifactKey: Guid(cee7e1e6fc45ff143867419e97f4c348) Importer(815301076,1909f56bfc062723c751e8b465ee728b)
Start importing Assets/Quirky Series Ultimate/_Shader/ToonRamp.shader using Guid(cee7e1e6fc45ff143867419e97f4c348) Importer(815301076,1909f56bfc062723c751e8b465ee728b)  -> (artifact id: '71ed4bcca7d23de3e4b0132b3cb72a13') in 0.001504 seconds
Internal: There are remaining Allocations on the JobTempAlloc. This is a leak, and will impact performance
To Debug, run app with -diag-job-temp-memory-leak-validation cmd line argument. This will output the callstacks of the leaked allocations.
Number of updated asset objects reloaded before import = 0
Number of asset objects unloaded after import = 0
========================================================================
Received Import Request.
  Time since last request: 0.025460 seconds.
  path: Assets/UnderwaterFantasy/underwater-artwork
  artifactKey: Guid(888a1e6f6daaf4d068700ec26f7194f7) Importer(815301076,1909f56bfc062723c751e8b465ee728b)
Start importing Assets/UnderwaterFantasy/underwater-artwork using Guid(888a1e6f6daaf4d068700ec26f7194f7) Importer(815301076,1909f56bfc062723c751e8b465ee728b)  -> (artifact id: 'f1406d24aae98a68add2df33b8342c6f') in 0.001502 seconds
Internal: There are remaining Allocations on the JobTempAlloc. This is a leak, and will impact performance
To Debug, run app with -diag-job-temp-memory-leak-validation cmd line argument. This will output the callstacks of the leaked allocations.
Number of updated asset objects reloaded before import = 0
Number of asset objects unloaded after import = 0
========================================================================
Received Import Request.
  Time since last request: 0.025816 seconds.
  path: Assets/UnderwaterFantasy/underwater-artwork/Materials/Materials/00010-1537200676.mat
  artifactKey: Guid(34b858116ad44934988cbfee7ccb241b) Importer(815301076,1909f56bfc062723c751e8b465ee728b)
Start importing Assets/UnderwaterFantasy/underwater-artwork/Materials/Materials/00010-1537200676.mat using Guid(34b858116ad44934988cbfee7ccb241b) Importer(815301076,1909f56bfc062723c751e8b465ee728b)  -> (artifact id: 'cde742bdb9476eba8f4c3b6edd059d8e') in 0.030017 seconds
Internal: There are remaining Allocations on the JobTempAlloc. This is a leak, and will impact performance
To Debug, run app with -diag-job-temp-memory-leak-validation cmd line argument. This will output the callstacks of the leaked allocations.
Number of updated asset objects reloaded before import = 0
Number of asset objects unloaded after import = 2
========================================================================
Received Import Request.
  Time since last request: 0.044081 seconds.
  path: Assets/UnderwaterFantasy/underwater-artwork/Materials/Materials/00024-3229042035.mat
  artifactKey: Guid(653e84c0dde7be0439fb907d26aef254) Importer(815301076,1909f56bfc062723c751e8b465ee728b)
Start importing Assets/UnderwaterFantasy/underwater-artwork/Materials/Materials/00024-3229042035.mat using Guid(653e84c0dde7be0439fb907d26aef254) Importer(815301076,1909f56bfc062723c751e8b465ee728b)  -> (artifact id: 'ee6a39cfdf08dbf2ced4a53ef6f966c3') in 0.034451 seconds
Internal: There are remaining Allocations on the JobTempAlloc. This is a leak, and will impact performance
To Debug, run app with -diag-job-temp-memory-leak-validation cmd line argument. This will output the callstacks of the leaked allocations.
Number of updated asset objects reloaded before import = 0
Number of asset objects unloaded after import = 2
========================================================================
Received Import Request.
  Time since last request: 0.105087 seconds.
  path: Assets/Quirky Series Ultimate/FREE/Animations/Herring_Animations (3).controller
  artifactKey: Guid(22b3c6fd5a7be9f40912861d7f1d3e10) Importer(815301076,1909f56bfc062723c751e8b465ee728b)
Start importing Assets/Quirky Series Ultimate/FREE/Animations/Herring_Animations (3).controller using Guid(22b3c6fd5a7be9f40912861d7f1d3e10) Importer(815301076,1909f56bfc062723c751e8b465ee728b)  -> (artifact id: '1a6625421c4464a66abd95758430d84c') in 0.002763 seconds
Internal: There are remaining Allocations on the JobTempAlloc. This is a leak, and will impact performance
To Debug, run app with -diag-job-temp-memory-leak-validation cmd line argument. This will output the callstacks of the leaked allocations.
Number of updated asset objects reloaded before import = 0
Number of asset objects unloaded after import = 2
========================================================================
Received Import Request.
  Time since last request: 0.198137 seconds.
  path: Assets/Quirky Series Ultimate/FREE/Animations/fishanim9.anim
  artifactKey: Guid(6b904488932d090498cae536b70cb193) Importer(815301076,1909f56bfc062723c751e8b465ee728b)
Start importing Assets/Quirky Series Ultimate/FREE/Animations/fishanim9.anim using Guid(6b904488932d090498cae536b70cb193) Importer(815301076,1909f56bfc062723c751e8b465ee728b)  -> (artifact id: '8591ed0a69c27c88a25e540fa01261e1') in 0.003914 seconds
Internal: There are remaining Allocations on the JobTempAlloc. This is a leak, and will impact performance
To Debug, run app with -diag-job-temp-memory-leak-validation cmd line argument. This will output the callstacks of the leaked allocations.
Number of updated asset objects reloaded before import = 0
Number of asset objects unloaded after import = 1
========================================================================
Received Import Request.
  Time since last request: 0.067186 seconds.
  path: Assets/Quirky Series Ultimate/FREE/Animations/AC_Colobus.controller
  artifactKey: Guid(40a135c99fdce2c4eb95e8e306ed8d49) Importer(815301076,1909f56bfc062723c751e8b465ee728b)
Start importing Assets/Quirky Series Ultimate/FREE/Animations/AC_Colobus.controller using Guid(40a135c99fdce2c4eb95e8e306ed8d49) Importer(815301076,1909f56bfc062723c751e8b465ee728b)  -> (artifact id: 'ec4882de51456664654b3ec789226267') in 0.108944 seconds
Internal: JobTempAlloc has allocations that are more than the maximum lifespan of 4 frames old - this is not allowed and likely a leak
To Debug, run app with -diag-job-temp-memory-leak-validation cmd line argument. This will output the callstacks of the leaked allocations.
Internal: There are remaining Allocations on the JobTempAlloc. This is a leak, and will impact performance
To Debug, run app with -diag-job-temp-memory-leak-validation cmd line argument. This will output the callstacks of the leaked allocations.
Number of updated asset objects reloaded before import = 0
Number of asset objects unloaded after import = 81
========================================================================
Received Import Request.
  Time since last request: 0.063807 seconds.
  path: Assets/Quirky Series Ultimate/FREE/Animations
  artifactKey: Guid(5dee47c4be7d98649820aabd5dc87b61) Importer(815301076,1909f56bfc062723c751e8b465ee728b)
Start importing Assets/Quirky Series Ultimate/FREE/Animations using Guid(5dee47c4be7d98649820aabd5dc87b61) Importer(815301076,1909f56bfc062723c751e8b465ee728b)  -> (artifact id: '8f6a18dffa38d921169f24c3979605e2') in 0.001206 seconds
Internal: There are remaining Allocations on the JobTempAlloc. This is a leak, and will impact performance
To Debug, run app with -diag-job-temp-memory-leak-validation cmd line argument. This will output the callstacks of the leaked allocations.
Number of updated asset objects reloaded before import = 0
Number of asset objects unloaded after import = 0
========================================================================
Received Import Request.
  Time since last request: 0.011125 seconds.
  path: Assets/UnderwaterFantasy/underwater-artwork/Materials/Materials/00015-1494948861.mat
  artifactKey: Guid(06fedea711f3e0043bb971524f31ec28) Importer(815301076,1909f56bfc062723c751e8b465ee728b)
Start importing Assets/UnderwaterFantasy/underwater-artwork/Materials/Materials/00015-1494948861.mat using Guid(06fedea711f3e0043bb971524f31ec28) Importer(815301076,1909f56bfc062723c751e8b465ee728b)  -> (artifact id: '95a558480a972d08a4f484eab0f7c4ab') in 0.031006 seconds
Internal: There are remaining Allocations on the JobTempAlloc. This is a leak, and will impact performance
To Debug, run app with -diag-job-temp-memory-leak-validation cmd line argument. This will output the callstacks of the leaked allocations.
Number of updated asset objects reloaded before import = 0
Number of asset objects unloaded after import = 2
========================================================================
Received Import Request.
  Time since last request: 0.076633 seconds.
  path: Assets/Quirky Series Ultimate/FREE/Animations/AC_Muskrat.controller
  artifactKey: Guid(5f5748a752d619e48bf0f73336149603) Importer(815301076,1909f56bfc062723c751e8b465ee728b)
Start importing Assets/Quirky Series Ultimate/FREE/Animations/AC_Muskrat.controller using Guid(5f5748a752d619e48bf0f73336149603) Importer(815301076,1909f56bfc062723c751e8b465ee728b)  -> (artifact id: '70513ba1a04a97f431919c3d1942f489') in 0.116079 seconds
Internal: There are remaining Allocations on the JobTempAlloc. This is a leak, and will impact performance
To Debug, run app with -diag-job-temp-memory-leak-validation cmd line argument. This will output the callstacks of the leaked allocations.
Number of updated asset objects reloaded before import = 0
Number of asset objects unloaded after import = 81
========================================================================
Received Import Request.
  Time since last request: 0.066530 seconds.
  path: Assets/Quirky Series Ultimate/FREE/Animations/AC_Pudu.controller
  artifactKey: Guid(790a59d5c287faa44a67a04ce02dc54c) Importer(815301076,1909f56bfc062723c751e8b465ee728b)
Start importing Assets/Quirky Series Ultimate/FREE/Animations/AC_Pudu.controller using Guid(790a59d5c287faa44a67a04ce02dc54c) Importer(815301076,1909f56bfc062723c751e8b465ee728b)  -> (artifact id: '89932e08b4f2687c21e3447c72ee5df9') in 0.105086 seconds
Internal: There are remaining Allocations on the JobTempAlloc. This is a leak, and will impact performance
To Debug, run app with -diag-job-temp-memory-leak-validation cmd line argument. This will output the callstacks of the leaked allocations.
Number of updated asset objects reloaded before import = 0
Number of asset objects unloaded after import = 81
========================================================================
Received Import Request.
  Time since last request: 0.098419 seconds.
  path: Assets/Quirky Series Ultimate/FREE/Animations/AC_Herring.controller
  artifactKey: Guid(63d47b8153b834c49b583764921e7df6) Importer(815301076,1909f56bfc062723c751e8b465ee728b)
Start importing Assets/Quirky Series Ultimate/FREE/Animations/AC_Herring.controller using Guid(63d47b8153b834c49b583764921e7df6) Importer(815301076,1909f56bfc062723c751e8b465ee728b)  -> (artifact id: 'd12fd4d45100924e002cf5c4a3f7155b') in 0.095037 seconds
Internal: There are remaining Allocations on the JobTempAlloc. This is a leak, and will impact performance
To Debug, run app with -diag-job-temp-memory-leak-validation cmd line argument. This will output the callstacks of the leaked allocations.
Number of updated asset objects reloaded before import = 0
Number of asset objects unloaded after import = 79
========================================================================
Received Import Request.
  Time since last request: 0.017522 seconds.
  path: Assets/Prefabs/Holder2.prefab
  artifactKey: Guid(d0938a9c32d62b2429cfe4b7399948b4) Importer(815301076,1909f56bfc062723c751e8b465ee728b)
Start importing Assets/Prefabs/Holder2.prefab using Guid(d0938a9c32d62b2429cfe4b7399948b4) Importer(815301076,1909f56bfc062723c751e8b465ee728b)  -> (artifact id: '6ef42665206aa552d581317a2336adf7') in 0.192530 seconds
Internal: There are remaining Allocations on the JobTempAlloc. This is a leak, and will impact performance
To Debug, run app with -diag-job-temp-memory-leak-validation cmd line argument. This will output the callstacks of the leaked allocations.
Number of updated asset objects reloaded before import = 0
Number of asset objects unloaded after import = 836
========================================================================
Received Import Request.
  Time since last request: 0.066765 seconds.
  path: Assets/UnderwaterFantasy/Scenes/demoSettings.lighting
  artifactKey: Guid(3821a43458fc9914d8d39a3f660ddb69) Importer(815301076,1909f56bfc062723c751e8b465ee728b)
Start importing Assets/UnderwaterFantasy/Scenes/demoSettings.lighting using Guid(3821a43458fc9914d8d39a3f660ddb69) Importer(815301076,1909f56bfc062723c751e8b465ee728b) LightingSettings: switching bake backend from 1 to 0.
 -> (artifact id: 'a36a2c61b5b99138678a3f23352fba5d') in 0.003524 seconds
Internal: There are remaining Allocations on the JobTempAlloc. This is a leak, and will impact performance
To Debug, run app with -diag-job-temp-memory-leak-validation cmd line argument. This will output the callstacks of the leaked allocations.
Number of updated asset objects reloaded before import = 0
Number of asset objects unloaded after import = 1
========================================================================
Received Import Request.
  Time since last request: 0.100143 seconds.
  path: Assets/Quirky Series Ultimate/FREE
  artifactKey: Guid(c792f04d58daeb942b61cab4eac9e615) Importer(815301076,1909f56bfc062723c751e8b465ee728b)
Start importing Assets/Quirky Series Ultimate/FREE using Guid(c792f04d58daeb942b61cab4eac9e615) Importer(815301076,1909f56bfc062723c751e8b465ee728b)  -> (artifact id: 'cce33fd6db77f4d04b9ea4f636854f12') in 0.000987 seconds
Internal: There are remaining Allocations on the JobTempAlloc. This is a leak, and will impact performance
To Debug, run app with -diag-job-temp-memory-leak-validation cmd line argument. This will output the callstacks of the leaked allocations.
Number of updated asset objects reloaded before import = 0
Number of asset objects unloaded after import = 0
========================================================================
Received Import Request.
  Time since last request: 0.038302 seconds.
  path: Assets/UnderwaterFantasy/underwater-artwork/Materials/Materials/00025-2825203194.mat
  artifactKey: Guid(f18218ddb4aa31641ad0a8f9dc230729) Importer(815301076,1909f56bfc062723c751e8b465ee728b)
Start importing Assets/UnderwaterFantasy/underwater-artwork/Materials/Materials/00025-2825203194.mat using Guid(f18218ddb4aa31641ad0a8f9dc230729) Importer(815301076,1909f56bfc062723c751e8b465ee728b)  -> (artifact id: '9ea380c4da1c547a145346ebc5ecda07') in 0.033437 seconds
Internal: There are remaining Allocations on the JobTempAlloc. This is a leak, and will impact performance
To Debug, run app with -diag-job-temp-memory-leak-validation cmd line argument. This will output the callstacks of the leaked allocations.
Number of updated asset objects reloaded before import = 0
Number of asset objects unloaded after import = 2
========================================================================
Received Import Request.
  Time since last request: 0.010734 seconds.
  path: Assets/Quirky Series Ultimate/FREE/Demo/Demo.unity
  artifactKey: Guid(f74e19538cdd8da4fb571e03666af6b6) Importer(815301076,1909f56bfc062723c751e8b465ee728b)
Start importing Assets/Quirky Series Ultimate/FREE/Demo/Demo.unity using Guid(f74e19538cdd8da4fb571e03666af6b6) Importer(815301076,1909f56bfc062723c751e8b465ee728b)  -> (artifact id: 'f0aa13450031381572648f217421ece9') in 0.001136 seconds
Internal: There are remaining Allocations on the JobTempAlloc. This is a leak, and will impact performance
To Debug, run app with -diag-job-temp-memory-leak-validation cmd line argument. This will output the callstacks of the leaked allocations.
Number of updated asset objects reloaded before import = 0
Number of asset objects unloaded after import = 0
========================================================================
Received Import Request.
  Time since last request: 0.033413 seconds.
  path: Assets/Quirky Series Ultimate/FREE/Demo
  artifactKey: Guid(cfc2e3c7fc7a5b24e873df2bb5bb3295) Importer(815301076,1909f56bfc062723c751e8b465ee728b)
Start importing Assets/Quirky Series Ultimate/FREE/Demo using Guid(cfc2e3c7fc7a5b24e873df2bb5bb3295) Importer(815301076,1909f56bfc062723c751e8b465ee728b)  -> (artifact id: 'ea119cb7dc44b1005903d69c11b3884a') in 0.000898 seconds
Internal: There are remaining Allocations on the JobTempAlloc. This is a leak, and will impact performance
To Debug, run app with -diag-job-temp-memory-leak-validation cmd line argument. This will output the callstacks of the leaked allocations.
Number of updated asset objects reloaded before import = 0
Number of asset objects unloaded after import = 0
========================================================================
Received Import Request.
  Time since last request: 0.010726 seconds.
  path: Assets/Scenes/Game.unity
  artifactKey: Guid(9fc0d4010bbf28b4594072e72b8655ab) Importer(815301076,1909f56bfc062723c751e8b465ee728b)
Start importing Assets/Scenes/Game.unity using Guid(9fc0d4010bbf28b4594072e72b8655ab) Importer(815301076,1909f56bfc062723c751e8b465ee728b)  -> (artifact id: '06615bd816e919dada92d0fbd520fd05') in 0.001051 seconds
Internal: There are remaining Allocations on the JobTempAlloc. This is a leak, and will impact performance
To Debug, run app with -diag-job-temp-memory-leak-validation cmd line argument. This will output the callstacks of the leaked allocations.
Number of updated asset objects reloaded before import = 0
Number of asset objects unloaded after import = 0
========================================================================
Received Import Request.
  Time since last request: 0.074095 seconds.
  path: Assets/Quirky Series Ultimate
  artifactKey: Guid(eedb06e876a954f48bbbf24ba0f7d087) Importer(815301076,1909f56bfc062723c751e8b465ee728b)
Start importing Assets/Quirky Series Ultimate using Guid(eedb06e876a954f48bbbf24ba0f7d087) Importer(815301076,1909f56bfc062723c751e8b465ee728b)  -> (artifact id: '58ce2af02219d26c1b23e3ba7ac1e00c') in 0.000965 seconds
Internal: There are remaining Allocations on the JobTempAlloc. This is a leak, and will impact performance
To Debug, run app with -diag-job-temp-memory-leak-validation cmd line argument. This will output the callstacks of the leaked allocations.
Number of updated asset objects reloaded before import = 0
Number of asset objects unloaded after import = 0
========================================================================
Received Import Request.
  Time since last request: 0.027454 seconds.
  path: Assets/UnderwaterFantasy
  artifactKey: Guid(f16c279441aea494fb436377ae9d5076) Importer(815301076,1909f56bfc062723c751e8b465ee728b)
Start importing Assets/UnderwaterFantasy using Guid(f16c279441aea494fb436377ae9d5076) Importer(815301076,1909f56bfc062723c751e8b465ee728b)  -> (artifact id: '7a5e899cd8ef54a26307d0cf5b2081e5') in 0.000910 seconds
Internal: There are remaining Allocations on the JobTempAlloc. This is a leak, and will impact performance
To Debug, run app with -diag-job-temp-memory-leak-validation cmd line argument. This will output the callstacks of the leaked allocations.
Number of updated asset objects reloaded before import = 0
Number of asset objects unloaded after import = 0
========================================================================
Received Import Request.
  Time since last request: 0.185660 seconds.
  path: Assets/Quirky Series Ultimate/FREE/Animations/Herring_Animations (6).controller
  artifactKey: Guid(48c1d0060dfdf8448a731d796da15a5f) Importer(815301076,1909f56bfc062723c751e8b465ee728b)
Start importing Assets/Quirky Series Ultimate/FREE/Animations/Herring_Animations (6).controller using Guid(48c1d0060dfdf8448a731d796da15a5f) Importer(815301076,1909f56bfc062723c751e8b465ee728b)  -> (artifact id: '1a8d8b6eb3362351b338d66c18c74be2') in 0.002271 seconds
Internal: There are remaining Allocations on the JobTempAlloc. This is a leak, and will impact performance
To Debug, run app with -diag-job-temp-memory-leak-validation cmd line argument. This will output the callstacks of the leaked allocations.
Number of updated asset objects reloaded before import = 0
Number of asset objects unloaded after import = 2
========================================================================
Received Import Request.
  Time since last request: 0.058036 seconds.
  path: Assets/Quirky Series Ultimate/FREE/Animations/Herring_Animations (2).controller
  artifactKey: Guid(28a46249fa85a914cb6b9442b7449eac) Importer(815301076,1909f56bfc062723c751e8b465ee728b)
Start importing Assets/Quirky Series Ultimate/FREE/Animations/Herring_Animations (2).controller using Guid(28a46249fa85a914cb6b9442b7449eac) Importer(815301076,1909f56bfc062723c751e8b465ee728b)  -> (artifact id: 'fccce9fe85b2dc5371a6dc8f776c3df6') in 0.002682 seconds
Internal: There are remaining Allocations on the JobTempAlloc. This is a leak, and will impact performance
To Debug, run app with -diag-job-temp-memory-leak-validation cmd line argument. This will output the callstacks of the leaked allocations.
Number of updated asset objects reloaded before import = 0
Number of asset objects unloaded after import = 2
========================================================================
Received Import Request.
  Time since last request: 0.036220 seconds.
  path: Assets/UnderwaterFantasy/underwater-artwork/Materials/Materials
  artifactKey: Guid(54bf18a1b2e0e9548992fa0633159d2b) Importer(815301076,1909f56bfc062723c751e8b465ee728b)
Start importing Assets/UnderwaterFantasy/underwater-artwork/Materials/Materials using Guid(54bf18a1b2e0e9548992fa0633159d2b) Importer(815301076,1909f56bfc062723c751e8b465ee728b)  -> (artifact id: '17f72abddaa81ada3ca890f7d0a875e2') in 0.001424 seconds
Internal: There are remaining Allocations on the JobTempAlloc. This is a leak, and will impact performance
To Debug, run app with -diag-job-temp-memory-leak-validation cmd line argument. This will output the callstacks of the leaked allocations.
Number of updated asset objects reloaded before import = 0
Number of asset objects unloaded after import = 0
========================================================================
Received Import Request.
  Time since last request: 0.036349 seconds.
  path: Assets/Quirky Series Ultimate/FREE/Animations/Herring_Animations (8).controller
  artifactKey: Guid(111a5a73b26979c4a9ed394b9236a35e) Importer(815301076,1909f56bfc062723c751e8b465ee728b)
Start importing Assets/Quirky Series Ultimate/FREE/Animations/Herring_Animations (8).controller using Guid(111a5a73b26979c4a9ed394b9236a35e) Importer(815301076,1909f56bfc062723c751e8b465ee728b)  -> (artifact id: '9b6c652df2928bf66b8687b4f7992ae7') in 0.002935 seconds
Internal: There are remaining Allocations on the JobTempAlloc. This is a leak, and will impact performance
To Debug, run app with -diag-job-temp-memory-leak-validation cmd line argument. This will output the callstacks of the leaked allocations.
Number of updated asset objects reloaded before import = 0
Number of asset objects unloaded after import = 2
========================================================================
Received Import Request.
  Time since last request: 0.161319 seconds.
  path: Assets/UnderwaterFantasy/Scenes/demo.unity
  artifactKey: Guid(4c39057d64ab94044934cc9f140d08f9) Importer(815301076,1909f56bfc062723c751e8b465ee728b)
Start importing Assets/UnderwaterFantasy/Scenes/demo.unity using Guid(4c39057d64ab94044934cc9f140d08f9) Importer(815301076,1909f56bfc062723c751e8b465ee728b)  -> (artifact id: 'aaeb97561678aaeee0c5414aa7dee362') in 0.000987 seconds
Internal: There are remaining Allocations on the JobTempAlloc. This is a leak, and will impact performance
To Debug, run app with -diag-job-temp-memory-leak-validation cmd line argument. This will output the callstacks of the leaked allocations.
Number of updated asset objects reloaded before import = 0
Number of asset objects unloaded after import = 0
========================================================================
Received Import Request.
  Time since last request: 0.019245 seconds.
  path: Assets/UnderwaterFantasy/underwater-artwork/Materials/Materials/00016-1393965817.mat
  artifactKey: Guid(4047c7081c6100644abb65eaa2d8a175) Importer(815301076,1909f56bfc062723c751e8b465ee728b)
Start importing Assets/UnderwaterFantasy/underwater-artwork/Materials/Materials/00016-1393965817.mat using Guid(4047c7081c6100644abb65eaa2d8a175) Importer(815301076,1909f56bfc062723c751e8b465ee728b)  -> (artifact id: '077ab65214681998ea31cd1fd0c1b1df') in 0.032274 seconds
Internal: There are remaining Allocations on the JobTempAlloc. This is a leak, and will impact performance
To Debug, run app with -diag-job-temp-memory-leak-validation cmd line argument. This will output the callstacks of the leaked allocations.
Number of updated asset objects reloaded before import = 0
Number of asset objects unloaded after import = 2
========================================================================
Received Import Request.
  Time since last request: 0.072676 seconds.
  path: Assets/Prefabs/Holder1.prefab
  artifactKey: Guid(d17e3522bbb99dc44aa08690d93f4f76) Importer(815301076,1909f56bfc062723c751e8b465ee728b)
Start importing Assets/Prefabs/Holder1.prefab using Guid(d17e3522bbb99dc44aa08690d93f4f76) Importer(815301076,1909f56bfc062723c751e8b465ee728b)  -> (artifact id: 'e5747060a8eddbde9c602a5bd3d6f5fc') in 0.071190 seconds
Internal: There are remaining Allocations on the JobTempAlloc. This is a leak, and will impact performance
To Debug, run app with -diag-job-temp-memory-leak-validation cmd line argument. This will output the callstacks of the leaked allocations.
Number of updated asset objects reloaded before import = 0
Number of asset objects unloaded after import = 569
========================================================================
Received Prepare
Refreshing native plugins compatible for Editor in 11.68 ms, found 3 plugins.
Preloading 0 native plugins for Editor in 0.00 ms.
Unloading 0 Unused Serialized files (Serialized files now loaded: 0)
Unloading 1 unused Assets / (0.8 KB). Loaded Objects now: 3637.
Memory consumption went from 71.7 MB to 71.7 MB.
Total: 8.578900 ms (FindLiveObjects: 2.520000 ms CreateObjectMapping: 0.605700 ms MarkObjects: 5.394800 ms  DeleteObjects: 0.056300 ms)

Prepare: number of updated asset objects reloaded= 0
AssetImportParameters requested are different than current active one (requested -> active):
  custom:container-demuxer-ogg: 62fdf1f143b41e24485cea50d1cbac27 -> 
  custom:video-codec-MediaFoundation-h265: 746d11721c4dcdbdad8f713fa42b33f4 -> 
  custom:video-decoder-ogg-theora: a1e56fd34408186e4bbccfd4996cb3dc -> 
  custom:framework-win-MediaFoundation: 216162199b28c13a410421893ffa2e32 -> 
  custom:container-demuxer-webm: 4f35f7cbe854078d1ac9338744f61a02 -> 
  custom:container-muxer-webm: aa71ff27fc2769a1b78a27578f13a17b -> 
  custom:video-decoder-webm-vp8: 9c59270c3fd7afecdb556c50c9e8de78 -> 
  custom:AudioImporter_EditorPlatform: d09bf68614088b80899f8185d706f6e7 -> 
  custom:video-encoder-webm-vp8: eb34c28f22e8b96e1ab97ce403110664 -> 
  custom:audio-decoder-ogg-vorbis: bf7c407c2cedff20999df2af8eb42d56 -> 
  custom:audio-encoder-webm-vorbis: bf7c407c2cedff20999df2af8eb42d56 -> 
